<?xml version="1.0" encoding="UTF-8"?>
<testsuites name="jest tests" tests="3" failures="1" errors="0" time="4.976">
  <testsuite name="undefined" errors="0" failures="0" skipped="0" timestamp="2024-07-28T19:10:47" time="1.98" tests="1">
    <testcase classname=" renders InteractionsList with interactions" name=" renders InteractionsList with interactions" time="0.055">
    </testcase>
  </testsuite>
  <testsuite name="undefined" errors="0" failures="0" skipped="0" timestamp="2024-07-28T19:10:47" time="2.015" tests="1">
    <testcase classname=" renders QuestionForm and submits a question" name=" renders QuestionForm and submits a question" time="0.073">
    </testcase>
  </testsuite>
  <testsuite name="undefined" errors="0" failures="1" skipped="0" timestamp="2024-07-28T19:10:47" time="3.885" tests="1">
    <testcase classname=" renders learn react link" name=" renders learn react link" time="0.037">
      <failure>TestingLibraryElementError: Unable to find an element with the text: /learn react/i. This could be because the text is broken up by multiple elements. In this case, you can provide a function for your text matcher to make your matcher more flexible.

Ignored nodes: comments, script, style
&lt;body&gt;
  &lt;div&gt;
    &lt;div
      class=&quot;min-h-screen bg-gray-100 p-8&quot;
    &gt;
      &lt;div
        class=&quot;max-w-3xl mx-auto&quot;
      &gt;
        &lt;h1
          class=&quot;text-3xl font-bold text-gray-900&quot;
        &gt;
          Question Answering System
        &lt;/h1&gt;
        &lt;form
          class=&quot;space-y-4&quot;
        &gt;
          &lt;div&gt;
            &lt;label
              class=&quot;block text-sm font-medium text-gray-700&quot;
              for=&quot;question&quot;
            &gt;
              Question
            &lt;/label&gt;
            &lt;input
              class=&quot;mt-1 block w-full border border-gray-300 rounded-md shadow-sm focus:ring-indigo-500 focus:border-indigo-500 sm:text-sm&quot;
              id=&quot;question&quot;
              type=&quot;text&quot;
              value=&quot;&quot;
            /&gt;
          &lt;/div&gt;
          &lt;div&gt;
            &lt;label
              class=&quot;block text-sm font-medium text-gray-700&quot;
              for=&quot;context&quot;
            &gt;
              Context
            &lt;/label&gt;
            &lt;textarea
              class=&quot;mt-1 block w-full border border-gray-300 rounded-md shadow-sm focus:ring-indigo-500 focus:border-indigo-500 sm:text-sm&quot;
              id=&quot;context&quot;
            /&gt;
          &lt;/div&gt;
          &lt;button
            class=&quot;inline-flex justify-center py-2 px-4 border border-transparent shadow-sm text-sm font-medium rounded-md text-white bg-indigo-600 hover:bg-indigo-700 focus:outline-none focus:ring-2 focus:ring-offset-2 focus:ring-indigo-500&quot;
            type=&quot;submit&quot;
          &gt;
            Ask Question
          &lt;/button&gt;
        &lt;/form&gt;
        &lt;div
          class=&quot;mt-8&quot;
        &gt;
          &lt;h2
            class=&quot;text-xl font-semibold text-gray-900&quot;
          &gt;
            Interactions
          &lt;/h2&gt;
          &lt;ul
            class=&quot;mt-4 space-y-4&quot;
          /&gt;
        &lt;/div&gt;
      &lt;/div&gt;
    &lt;/div&gt;
  &lt;/div&gt;
&lt;/body&gt;
    at Object.getElementError (C:\Users\Santiago\Documents\Bancolombia\Artemis\Repositorios\technical-test\tech-test-frontend\node_modules\@testing-library\react\node_modules\@testing-library\dom\dist\config.js:37:19)
    at C:\Users\Santiago\Documents\Bancolombia\Artemis\Repositorios\technical-test\tech-test-frontend\node_modules\@testing-library\react\node_modules\@testing-library\dom\dist\query-helpers.js:76:38
    at C:\Users\Santiago\Documents\Bancolombia\Artemis\Repositorios\technical-test\tech-test-frontend\node_modules\@testing-library\react\node_modules\@testing-library\dom\dist\query-helpers.js:52:17
    at getByText (C:\Users\Santiago\Documents\Bancolombia\Artemis\Repositorios\technical-test\tech-test-frontend\node_modules\@testing-library\react\node_modules\@testing-library\dom\dist\query-helpers.js:95:19)
    at Object.&lt;anonymous&gt; (C:\Users\Santiago\Documents\Bancolombia\Artemis\Repositorios\technical-test\tech-test-frontend\src\App.test.js:7:30)
    at Promise.then.completed (C:\Users\Santiago\Documents\Bancolombia\Artemis\Repositorios\technical-test\tech-test-frontend\node_modules\jest-circus\build\utils.js:391:28)
    at new Promise (&lt;anonymous&gt;)
    at callAsyncCircusFn (C:\Users\Santiago\Documents\Bancolombia\Artemis\Repositorios\technical-test\tech-test-frontend\node_modules\jest-circus\build\utils.js:316:10)
    at _callCircusTest (C:\Users\Santiago\Documents\Bancolombia\Artemis\Repositorios\technical-test\tech-test-frontend\node_modules\jest-circus\build\run.js:218:40)
    at processTicksAndRejections (node:internal/process/task_queues:95:5)
    at _runTest (C:\Users\Santiago\Documents\Bancolombia\Artemis\Repositorios\technical-test\tech-test-frontend\node_modules\jest-circus\build\run.js:155:3)
    at _runTestsForDescribeBlock (C:\Users\Santiago\Documents\Bancolombia\Artemis\Repositorios\technical-test\tech-test-frontend\node_modules\jest-circus\build\run.js:66:9)
    at run (C:\Users\Santiago\Documents\Bancolombia\Artemis\Repositorios\technical-test\tech-test-frontend\node_modules\jest-circus\build\run.js:25:3)
    at runAndTransformResultsToJestFormat (C:\Users\Santiago\Documents\Bancolombia\Artemis\Repositorios\technical-test\tech-test-frontend\node_modules\jest-circus\build\legacy-code-todo-rewrite\jestAdapterInit.js:170:21)
    at jestAdapter (C:\Users\Santiago\Documents\Bancolombia\Artemis\Repositorios\technical-test\tech-test-frontend\node_modules\jest-circus\build\legacy-code-todo-rewrite\jestAdapter.js:82:19)
    at runTestInternal (C:\Users\Santiago\Documents\Bancolombia\Artemis\Repositorios\technical-test\tech-test-frontend\node_modules\jest-runner\build\runTest.js:389:16)
    at runTest (C:\Users\Santiago\Documents\Bancolombia\Artemis\Repositorios\technical-test\tech-test-frontend\node_modules\jest-runner\build\runTest.js:475:34)
    at Object.worker (C:\Users\Santiago\Documents\Bancolombia\Artemis\Repositorios\technical-test\tech-test-frontend\node_modules\jest-runner\build\testWorker.js:133:12)</failure>
    </testcase>
  </testsuite>
</testsuites>